<?xml version="1.0" encoding="UTF-8"?>
<!-- Generated by org.testng.reporters.JUnitReportReporter -->
<testsuite hostname="SHS6628122C" failures="0" tests="1" name="cucumberOptions.TestNGRunner" time="0.163" errors="0" timestamp="2024-12-28T01:11:52 IST" skipped="0">
  <testcase classname="cucumberOptions.TestNGRunner" name="runScenario" time="0.163"/>
</testsuite> <!-- cucumberOptions.TestNGRunner -->
